<?xml version="1.0" encoding="UTF-8"?>
<!-- Generated by org.testng.reporters.JUnitReportReporter -->
<testsuite hostname="Manoj_Bhati" failures="0" tests="3" name="com.testexecution.Tc001" time="171.808" errors="0" timestamp="07 Dec 2020 05:36:04 GMT" skipped="0">
  <testcase classname="com.testexecution.Tc001" name="Header" time="62.308"/>
  <testcase classname="com.testexecution.Tc001" name="bodyTest" time="14.201"/>
  <testcase classname="com.testexecution.Tc001" name="footerTest" time="95.299"/>
</testsuite> <!-- com.testexecution.Tc001 -->
